
*** Running vivado
    with args -log top.vds -m64 -product Vivado -mode batch -messageDb vivado.pb -notrace -source top.tcl


****** Vivado v2019.2 (64-bit)
  **** SW Build 2708876 on Wed Nov  6 21:40:23 MST 2019
  **** IP Build 2700528 on Thu Nov  7 00:09:20 MST 2019
    ** Copyright 1986-2019 Xilinx, Inc. All Rights Reserved.

source top.tcl -notrace
Command: synth_design -top top -part xc7a100tcsg324-1
Starting synth_design
Attempting to get a license for feature 'Synthesis' and/or device 'xc7a100t'
INFO: [Common 17-349] Got license for feature 'Synthesis' and/or device 'xc7a100t'
INFO: [Device 21-403] Loading part xc7a100tcsg324-1
INFO: Launching helper process for spawning children vivado processes
INFO: Helper process launched with PID 388 
WARNING: [Synth 8-2611] redeclaration of ansi port clkin is not allowed [C:/Users/Bryce/Desktop/COMP541/FinalProject/FinalProject.srcs/sources_1/new/clockdiv.sv:22]
WARNING: [Synth 8-976] clkin has already been declared [C:/Users/Bryce/Desktop/COMP541/FinalProject/FinalProject.srcs/sources_1/new/clockdiv.sv:22]
WARNING: [Synth 8-2654] second declaration of clkin ignored [C:/Users/Bryce/Desktop/COMP541/FinalProject/FinalProject.srcs/sources_1/new/clockdiv.sv:22]
INFO: [Synth 8-994] clkin is declared here [C:/Users/Bryce/Desktop/COMP541/FinalProject/FinalProject.srcs/sources_1/new/clockdiv.sv:20]
WARNING: [Synth 8-1849] concatenation with unsized literal; will interpret as 32 bits [C:/Users/Bryce/Desktop/COMP541/FinalProject/FinalProject.srcs/sources_1/imports/new/screenmem.sv:54]
---------------------------------------------------------------------------------
Starting RTL Elaboration : Time (s): cpu = 00:00:04 ; elapsed = 00:00:05 . Memory (MB): peak = 819.551 ; gain = 239.152
---------------------------------------------------------------------------------
INFO: [Synth 8-6157] synthesizing module 'top' [C:/Users/Bryce/Desktop/COMP541/FinalProject/FinalProject.srcs/sources_1/new/top.sv:17]
	Parameter Dbits bound to: 32 - type: integer 
	Parameter Nreg bound to: 32 - type: integer 
	Parameter imem_size bound to: 478 - type: integer 
	Parameter imem_init bound to: final_imem.mem - type: string 
	Parameter dmem_size bound to: 1200 - type: integer 
	Parameter dmem_init bound to: final_dmem.mem - type: string 
	Parameter smem_size bound to: 1200 - type: integer 
	Parameter smem_init bound to: final_smem.mem - type: string 
	Parameter bmem_size bound to: 768 - type: integer 
	Parameter bmem_init bound to: final_bmem.mem - type: string 
INFO: [Synth 8-6157] synthesizing module 'clockdivider_Nexys4' [C:/Users/Bryce/Desktop/COMP541/FinalProject/FinalProject.srcs/sources_1/new/clockdiv.sv:20]
	Parameter N bound to: 2 - type: integer 
INFO: [Synth 8-6157] synthesizing module 'MMCME2_BASE' [C:/Xilinx/Vivado/2019.2/scripts/rt/data/unisim_comp.v:40060]
	Parameter BANDWIDTH bound to: OPTIMIZED - type: string 
	Parameter CLKFBOUT_MULT_F bound to: 10.000000 - type: double 
	Parameter CLKFBOUT_PHASE bound to: 0.000000 - type: double 
	Parameter CLKIN1_PERIOD bound to: 10.000000 - type: double 
	Parameter CLKOUT0_DIVIDE_F bound to: 10.000000 - type: double 
	Parameter CLKOUT0_DUTY_CYCLE bound to: 0.500000 - type: double 
	Parameter CLKOUT0_PHASE bound to: 0.000000 - type: double 
	Parameter CLKOUT1_DIVIDE bound to: 20 - type: integer 
	Parameter CLKOUT1_DUTY_CYCLE bound to: 0.500000 - type: double 
	Parameter CLKOUT1_PHASE bound to: 0.000000 - type: double 
	Parameter CLKOUT2_DIVIDE bound to: 40 - type: integer 
	Parameter CLKOUT2_DUTY_CYCLE bound to: 0.500000 - type: double 
	Parameter CLKOUT2_PHASE bound to: 0.000000 - type: double 
	Parameter CLKOUT3_DIVIDE bound to: 80 - type: integer 
	Parameter CLKOUT3_DUTY_CYCLE bound to: 0.500000 - type: double 
	Parameter CLKOUT3_PHASE bound to: 0.000000 - type: double 
	Parameter CLKOUT4_CASCADE bound to: FALSE - type: string 
	Parameter CLKOUT4_DIVIDE bound to: 1 - type: integer 
	Parameter CLKOUT4_DUTY_CYCLE bound to: 0.500000 - type: double 
	Parameter CLKOUT4_PHASE bound to: 0.000000 - type: double 
	Parameter CLKOUT5_DIVIDE bound to: 1 - type: integer 
	Parameter CLKOUT5_DUTY_CYCLE bound to: 0.500000 - type: double 
	Parameter CLKOUT5_PHASE bound to: 0.000000 - type: double 
	Parameter CLKOUT6_DIVIDE bound to: 1 - type: integer 
	Parameter CLKOUT6_DUTY_CYCLE bound to: 0.500000 - type: double 
	Parameter CLKOUT6_PHASE bound to: 0.000000 - type: double 
	Parameter DIVCLK_DIVIDE bound to: 1 - type: integer 
	Parameter REF_JITTER1 bound to: 0.010000 - type: double 
	Parameter STARTUP_WAIT bound to: FALSE - type: string 
INFO: [Synth 8-6155] done synthesizing module 'MMCME2_BASE' (1#1) [C:/Xilinx/Vivado/2019.2/scripts/rt/data/unisim_comp.v:40060]
WARNING: [Synth 8-7023] instance 'mmcm' of module 'MMCME2_BASE' has 18 connections declared, but only 10 given [C:/Users/Bryce/Desktop/COMP541/FinalProject/FinalProject.srcs/sources_1/new/clockdiv.sv:26]
INFO: [Synth 8-6157] synthesizing module 'BUFG' [C:/Xilinx/Vivado/2019.2/scripts/rt/data/unisim_comp.v:1075]
INFO: [Synth 8-6155] done synthesizing module 'BUFG' (2#1) [C:/Xilinx/Vivado/2019.2/scripts/rt/data/unisim_comp.v:1075]
INFO: [Synth 8-6157] synthesizing module 'INV' [C:/Xilinx/Vivado/2019.2/scripts/rt/data/unisim_comp.v:36118]
INFO: [Synth 8-6155] done synthesizing module 'INV' (3#1) [C:/Xilinx/Vivado/2019.2/scripts/rt/data/unisim_comp.v:36118]
INFO: [Synth 8-6157] synthesizing module 'BUFGMUX' [C:/Xilinx/Vivado/2019.2/scripts/rt/data/unisim_comp.v:1175]
	Parameter CLK_SEL_TYPE bound to: ASYNC - type: string 
INFO: [Synth 8-6155] done synthesizing module 'BUFGMUX' (4#1) [C:/Xilinx/Vivado/2019.2/scripts/rt/data/unisim_comp.v:1175]
INFO: [Synth 8-6155] done synthesizing module 'clockdivider_Nexys4' (5#1) [C:/Users/Bryce/Desktop/COMP541/FinalProject/FinalProject.srcs/sources_1/new/clockdiv.sv:20]
INFO: [Synth 8-6157] synthesizing module 'mips' [C:/Users/Bryce/Desktop/COMP541/FinalProject/FinalProject.srcs/sources_1/new/mips.sv:16]
	Parameter Dbits bound to: 32 - type: integer 
	Parameter Nreg bound to: 32 - type: integer 
INFO: [Synth 8-6157] synthesizing module 'controller' [C:/Users/Bryce/Desktop/COMP541/FinalProject/FinalProject.srcs/sources_1/new/controller.sv:49]
INFO: [Synth 8-6155] done synthesizing module 'controller' (6#1) [C:/Users/Bryce/Desktop/COMP541/FinalProject/FinalProject.srcs/sources_1/new/controller.sv:49]
INFO: [Synth 8-6157] synthesizing module 'datapath' [C:/Users/Bryce/Desktop/COMP541/FinalProject/FinalProject.srcs/sources_1/new/datapath.sv:26]
	Parameter Nreg bound to: 32 - type: integer 
	Parameter Dbits bound to: 32 - type: integer 
INFO: [Synth 8-6157] synthesizing module 'register_file' [C:/Users/Bryce/Desktop/COMP541/FinalProject/FinalProject.srcs/sources_1/imports/sources_1/new/register_file.sv:34]
	Parameter Nloc bound to: 32 - type: integer 
	Parameter Dbits bound to: 32 - type: integer 
INFO: [Synth 8-6155] done synthesizing module 'register_file' (7#1) [C:/Users/Bryce/Desktop/COMP541/FinalProject/FinalProject.srcs/sources_1/imports/sources_1/new/register_file.sv:34]
INFO: [Synth 8-6157] synthesizing module 'ALU' [C:/Users/Bryce/Desktop/COMP541/FinalProject/FinalProject.srcs/sources_1/imports/sources_1/imports/new/ALU.sv:21]
	Parameter N bound to: 32 - type: integer 
INFO: [Synth 8-6157] synthesizing module 'addsub' [C:/Users/Bryce/Desktop/COMP541/FinalProject/FinalProject.srcs/sources_1/imports/sources_1/imports/Lab2a.srcs/sources_1/new/addsub.sv:23]
	Parameter N bound to: 32 - type: integer 
INFO: [Synth 8-6157] synthesizing module 'adder' [C:/Users/Bryce/Desktop/COMP541/FinalProject/FinalProject.srcs/sources_1/imports/sources_1/imports/Lab2a.srcs/sources_1/new/adder.sv:22]
	Parameter N bound to: 32 - type: integer 
INFO: [Synth 8-6157] synthesizing module 'fulladder' [C:/Users/Bryce/Desktop/COMP541/FinalProject/FinalProject.srcs/sources_1/imports/sources_1/imports/Lab2a.srcs/sources_1/imports/new/fulladder.sv:22]
INFO: [Synth 8-6155] done synthesizing module 'fulladder' (8#1) [C:/Users/Bryce/Desktop/COMP541/FinalProject/FinalProject.srcs/sources_1/imports/sources_1/imports/Lab2a.srcs/sources_1/imports/new/fulladder.sv:22]
INFO: [Synth 8-6155] done synthesizing module 'adder' (9#1) [C:/Users/Bryce/Desktop/COMP541/FinalProject/FinalProject.srcs/sources_1/imports/sources_1/imports/Lab2a.srcs/sources_1/new/adder.sv:22]
INFO: [Synth 8-6155] done synthesizing module 'addsub' (10#1) [C:/Users/Bryce/Desktop/COMP541/FinalProject/FinalProject.srcs/sources_1/imports/sources_1/imports/Lab2a.srcs/sources_1/new/addsub.sv:23]
INFO: [Synth 8-6157] synthesizing module 'shifter' [C:/Users/Bryce/Desktop/COMP541/FinalProject/FinalProject.srcs/sources_1/imports/sources_1/imports/Lab2a.srcs/sim_5/new/shifter.sv:1]
	Parameter N bound to: 32 - type: integer 
INFO: [Synth 8-6155] done synthesizing module 'shifter' (11#1) [C:/Users/Bryce/Desktop/COMP541/FinalProject/FinalProject.srcs/sources_1/imports/sources_1/imports/Lab2a.srcs/sim_5/new/shifter.sv:1]
INFO: [Synth 8-6157] synthesizing module 'logical' [C:/Users/Bryce/Desktop/COMP541/FinalProject/FinalProject.srcs/sources_1/imports/sources_1/imports/Lab2a.srcs/sim_4/new/logical.sv:1]
	Parameter N bound to: 32 - type: integer 
INFO: [Synth 8-6155] done synthesizing module 'logical' (12#1) [C:/Users/Bryce/Desktop/COMP541/FinalProject/FinalProject.srcs/sources_1/imports/sources_1/imports/Lab2a.srcs/sim_4/new/logical.sv:1]
INFO: [Synth 8-6157] synthesizing module 'comparator' [C:/Users/Bryce/Desktop/COMP541/FinalProject/FinalProject.srcs/sources_1/imports/sources_1/imports/Lab2a.srcs/sources_1/new/comparator.sv:23]
INFO: [Synth 8-6155] done synthesizing module 'comparator' (13#1) [C:/Users/Bryce/Desktop/COMP541/FinalProject/FinalProject.srcs/sources_1/imports/sources_1/imports/Lab2a.srcs/sources_1/new/comparator.sv:23]
INFO: [Synth 8-6155] done synthesizing module 'ALU' (14#1) [C:/Users/Bryce/Desktop/COMP541/FinalProject/FinalProject.srcs/sources_1/imports/sources_1/imports/new/ALU.sv:21]
INFO: [Synth 8-6155] done synthesizing module 'datapath' (15#1) [C:/Users/Bryce/Desktop/COMP541/FinalProject/FinalProject.srcs/sources_1/new/datapath.sv:26]
INFO: [Synth 8-6155] done synthesizing module 'mips' (16#1) [C:/Users/Bryce/Desktop/COMP541/FinalProject/FinalProject.srcs/sources_1/new/mips.sv:16]
INFO: [Synth 8-6157] synthesizing module 'rom_module' [C:/Users/Bryce/Desktop/COMP541/FinalProject/FinalProject.srcs/sources_1/imports/sources_1/new/rom.sv:34]
	Parameter Nloc bound to: 478 - type: integer 
	Parameter Dbits bound to: 32 - type: integer 
	Parameter initfile bound to: final_imem.mem - type: string 
INFO: [Synth 8-3876] $readmem data file 'final_imem.mem' is read successfully [C:/Users/Bryce/Desktop/COMP541/FinalProject/FinalProject.srcs/sources_1/imports/sources_1/new/rom.sv:44]
INFO: [Synth 8-6155] done synthesizing module 'rom_module' (17#1) [C:/Users/Bryce/Desktop/COMP541/FinalProject/FinalProject.srcs/sources_1/imports/sources_1/new/rom.sv:34]
WARNING: [Synth 8-689] width (30) of port connection 'addr' does not match port width (9) of module 'rom_module' [C:/Users/Bryce/Desktop/COMP541/FinalProject/FinalProject.srcs/sources_1/new/top.sv:112]
INFO: [Synth 8-6157] synthesizing module 'memIO' [C:/Users/Bryce/Desktop/COMP541/FinalProject/FinalProject.srcs/sources_1/new/memIO.sv:22]
	Parameter dmem_init bound to: final_dmem.mem - type: string 
	Parameter smem_init bound to: final_smem.mem - type: string 
INFO: [Synth 8-6157] synthesizing module 'datamem' [C:/Users/Bryce/Desktop/COMP541/FinalProject/FinalProject.srcs/sources_1/new/datamem.sv:23]
	Parameter Abits bound to: 6 - type: integer 
	Parameter Dbits bound to: 32 - type: integer 
	Parameter Nloc bound to: 64 - type: integer 
	Parameter initfile bound to: final_dmem.mem - type: string 
INFO: [Synth 8-3876] $readmem data file 'final_dmem.mem' is read successfully [C:/Users/Bryce/Desktop/COMP541/FinalProject/FinalProject.srcs/sources_1/new/datamem.sv:40]
INFO: [Synth 8-6155] done synthesizing module 'datamem' (18#1) [C:/Users/Bryce/Desktop/COMP541/FinalProject/FinalProject.srcs/sources_1/new/datamem.sv:23]
INFO: [Synth 8-6157] synthesizing module 'screenmem' [C:/Users/Bryce/Desktop/COMP541/FinalProject/FinalProject.srcs/sources_1/imports/new/screenmem.sv:22]
	Parameter Abits bound to: 11 - type: integer 
	Parameter Dbits bound to: 4 - type: integer 
	Parameter Nloc bound to: 1200 - type: integer 
	Parameter initfile bound to: final_smem.mem - type: string 
INFO: [Synth 8-3876] $readmem data file 'final_smem.mem' is read successfully [C:/Users/Bryce/Desktop/COMP541/FinalProject/FinalProject.srcs/sources_1/imports/new/screenmem.sv:46]
INFO: [Synth 8-6155] done synthesizing module 'screenmem' (19#1) [C:/Users/Bryce/Desktop/COMP541/FinalProject/FinalProject.srcs/sources_1/imports/new/screenmem.sv:22]
INFO: [Synth 8-6155] done synthesizing module 'memIO' (20#1) [C:/Users/Bryce/Desktop/COMP541/FinalProject/FinalProject.srcs/sources_1/new/memIO.sv:22]
INFO: [Synth 8-6157] synthesizing module 'vgadisplaydriver' [C:/Users/Bryce/Desktop/COMP541/FinalProject/FinalProject.srcs/sources_1/imports/new/vgadisplaydriver.sv:12]
	Parameter nrows bound to: 30 - type: integer 
	Parameter ncols bound to: 40 - type: integer 
	Parameter nloc bound to: 1200 - type: integer 
	Parameter charCount bound to: 16 - type: integer 
	Parameter charDim bound to: 16 - type: integer 
	Parameter bmem_init bound to: final_bmem.mem - type: string 
INFO: [Synth 8-6157] synthesizing module 'bitmapmem' [C:/Users/Bryce/Desktop/COMP541/FinalProject/FinalProject.srcs/sources_1/imports/COMP541/Lab7/Lab7.srcs/sources_1/new/bitmapmem.sv:40]
	Parameter charCount bound to: 16 - type: integer 
	Parameter charDim bound to: 16 - type: integer 
	Parameter initFile bound to: final_bmem.mem - type: string 
INFO: [Synth 8-3876] $readmem data file 'final_bmem.mem' is read successfully [C:/Users/Bryce/Desktop/COMP541/FinalProject/FinalProject.srcs/sources_1/imports/COMP541/Lab7/Lab7.srcs/sources_1/new/bitmapmem.sv:54]
INFO: [Synth 8-6155] done synthesizing module 'bitmapmem' (21#1) [C:/Users/Bryce/Desktop/COMP541/FinalProject/FinalProject.srcs/sources_1/imports/COMP541/Lab7/Lab7.srcs/sources_1/new/bitmapmem.sv:40]
INFO: [Synth 8-6157] synthesizing module 'vgatimer' [C:/Users/Bryce/Desktop/COMP541/FinalProject/FinalProject.srcs/sources_1/imports/new/vgatimer.sv:25]
INFO: [Synth 8-6157] synthesizing module 'xycounter' [C:/Users/Bryce/Desktop/COMP541/FinalProject/FinalProject.srcs/sources_1/imports/new/xycounter.sv:23]
	Parameter width bound to: 800 - type: integer 
	Parameter height bound to: 525 - type: integer 
INFO: [Synth 8-6155] done synthesizing module 'xycounter' (22#1) [C:/Users/Bryce/Desktop/COMP541/FinalProject/FinalProject.srcs/sources_1/imports/new/xycounter.sv:23]
INFO: [Synth 8-6155] done synthesizing module 'vgatimer' (23#1) [C:/Users/Bryce/Desktop/COMP541/FinalProject/FinalProject.srcs/sources_1/imports/new/vgatimer.sv:25]
INFO: [Synth 8-6155] done synthesizing module 'vgadisplaydriver' (24#1) [C:/Users/Bryce/Desktop/COMP541/FinalProject/FinalProject.srcs/sources_1/imports/new/vgadisplaydriver.sv:12]
INFO: [Synth 8-6157] synthesizing module 'buttonInput' [C:/Users/Bryce/Desktop/COMP541/FinalProject/FinalProject.srcs/sources_1/new/buttonInput.sv:8]
	Parameter N bound to: 20 - type: integer 
INFO: [Synth 8-6157] synthesizing module 'debouncer' [C:/Users/Bryce/Desktop/COMP541/FinalProject/FinalProject.srcs/sources_1/imports/new/debouncer.sv:4]
	Parameter N bound to: 20 - type: integer 
INFO: [Synth 8-6155] done synthesizing module 'debouncer' (25#1) [C:/Users/Bryce/Desktop/COMP541/FinalProject/FinalProject.srcs/sources_1/imports/new/debouncer.sv:4]
INFO: [Synth 8-6155] done synthesizing module 'buttonInput' (26#1) [C:/Users/Bryce/Desktop/COMP541/FinalProject/FinalProject.srcs/sources_1/new/buttonInput.sv:8]
INFO: [Synth 8-6157] synthesizing module 'display8digit' [C:/Users/Bryce/Desktop/COMP541/FinalProject/FinalProject.srcs/sources_1/imports/COMP541/Lab5/Lab5.srcs/sources_1/new/display8digit.sv:9]
INFO: [Synth 8-6157] synthesizing module 'hexto7seg' [C:/Users/Bryce/Desktop/COMP541/FinalProject/FinalProject.srcs/sources_1/imports/new/hexto7seg.sv:9]
INFO: [Synth 8-6155] done synthesizing module 'hexto7seg' (27#1) [C:/Users/Bryce/Desktop/COMP541/FinalProject/FinalProject.srcs/sources_1/imports/new/hexto7seg.sv:9]
INFO: [Synth 8-6155] done synthesizing module 'display8digit' (28#1) [C:/Users/Bryce/Desktop/COMP541/FinalProject/FinalProject.srcs/sources_1/imports/COMP541/Lab5/Lab5.srcs/sources_1/new/display8digit.sv:9]
INFO: [Synth 8-6157] synthesizing module 'accelerometer' [C:/Users/Bryce/Desktop/COMP541/FinalProject/FinalProject.srcs/sources_1/imports/sources/accelerometer.sv:13]
INFO: [Synth 8-638] synthesizing module 'AccelerometerCtl' [C:/Users/Bryce/Desktop/COMP541/FinalProject/FinalProject.srcs/sources_1/imports/sources/AccelerometerCtl.vhd:69]
	Parameter SYSCLK_FREQUENCY_HZ bound to: 100000000 - type: integer 
	Parameter SCLK_FREQUENCY_HZ bound to: 1000000 - type: integer 
	Parameter NUM_READS_AVG bound to: 16 - type: integer 
	Parameter UPDATE_FREQUENCY_HZ bound to: 100 - type: integer 
	Parameter SYSCLK_FREQUENCY_HZ bound to: 100000000 - type: integer 
	Parameter SCLK_FREQUENCY_HZ bound to: 1000000 - type: integer 
	Parameter NUM_READS_AVG bound to: 16 - type: integer 
	Parameter UPDATE_FREQUENCY_HZ bound to: 100 - type: integer 
INFO: [Synth 8-3491] module 'ADXL362Ctrl' declared at 'C:/Users/Bryce/Desktop/COMP541/FinalProject/FinalProject.srcs/sources_1/imports/sources/ADXL362Ctrl.vhd:89' bound to instance 'ADXL_Control' of component 'ADXL362Ctrl' [C:/Users/Bryce/Desktop/COMP541/FinalProject/FinalProject.srcs/sources_1/imports/sources/AccelerometerCtl.vhd:161]
INFO: [Synth 8-638] synthesizing module 'ADXL362Ctrl' [C:/Users/Bryce/Desktop/COMP541/FinalProject/FinalProject.srcs/sources_1/imports/sources/ADXL362Ctrl.vhd:117]
	Parameter SYSCLK_FREQUENCY_HZ bound to: 100000000 - type: integer 
	Parameter SCLK_FREQUENCY_HZ bound to: 1000000 - type: integer 
	Parameter NUM_READS_AVG bound to: 16 - type: integer 
	Parameter UPDATE_FREQUENCY_HZ bound to: 100 - type: integer 
INFO: [Synth 8-5534] Detected attribute (* fsm_encoding = "USER" *) [C:/Users/Bryce/Desktop/COMP541/FinalProject/FinalProject.srcs/sources_1/imports/sources/ADXL362Ctrl.vhd:283]
INFO: [Synth 8-5534] Detected attribute (* fsm_encoding = "USER" *) [C:/Users/Bryce/Desktop/COMP541/FinalProject/FinalProject.srcs/sources_1/imports/sources/ADXL362Ctrl.vhd:312]
INFO: [Synth 8-5534] Detected attribute (* fsm_encoding = "USER" *) [C:/Users/Bryce/Desktop/COMP541/FinalProject/FinalProject.srcs/sources_1/imports/sources/ADXL362Ctrl.vhd:365]
	Parameter SYSCLK_FREQUENCY_HZ bound to: 100000000 - type: integer 
	Parameter SCLK_FREQUENCY_HZ bound to: 1000000 - type: integer 
INFO: [Synth 8-3491] module 'SPI_If' declared at 'C:/Users/Bryce/Desktop/COMP541/FinalProject/FinalProject.srcs/sources_1/imports/sources/SPI_If.vhd:42' bound to instance 'SPI_Interface' of component 'SPI_If' [C:/Users/Bryce/Desktop/COMP541/FinalProject/FinalProject.srcs/sources_1/imports/sources/ADXL362Ctrl.vhd:373]
INFO: [Synth 8-638] synthesizing module 'SPI_If' [C:/Users/Bryce/Desktop/COMP541/FinalProject/FinalProject.srcs/sources_1/imports/sources/SPI_If.vhd:66]
	Parameter SYSCLK_FREQUENCY_HZ bound to: 100000000 - type: integer 
	Parameter SCLK_FREQUENCY_HZ bound to: 1000000 - type: integer 
INFO: [Synth 8-5534] Detected attribute (* fsm_encoding = "USER" *) [C:/Users/Bryce/Desktop/COMP541/FinalProject/FinalProject.srcs/sources_1/imports/sources/SPI_If.vhd:113]
INFO: [Synth 8-256] done synthesizing module 'SPI_If' (29#1) [C:/Users/Bryce/Desktop/COMP541/FinalProject/FinalProject.srcs/sources_1/imports/sources/SPI_If.vhd:66]
INFO: [Synth 8-256] done synthesizing module 'ADXL362Ctrl' (30#1) [C:/Users/Bryce/Desktop/COMP541/FinalProject/FinalProject.srcs/sources_1/imports/sources/ADXL362Ctrl.vhd:117]
	Parameter SYSCLK_FREQUENCY_HZ bound to: 100000000 - type: integer 
	Parameter ACC_X_Y_MAX bound to: 10'b0111111111 
	Parameter ACC_X_Y_MIN bound to: 10'b0000000000 
INFO: [Synth 8-3491] module 'AccelArithmetics' declared at 'C:/Users/Bryce/Desktop/COMP541/FinalProject/FinalProject.srcs/sources_1/imports/sources/AccelArithmetics.vhd:49' bound to instance 'Accel_Calculation' of component 'AccelArithmetics' [C:/Users/Bryce/Desktop/COMP541/FinalProject/FinalProject.srcs/sources_1/imports/sources/AccelerometerCtl.vhd:188]
INFO: [Synth 8-638] synthesizing module 'AccelArithmetics' [C:/Users/Bryce/Desktop/COMP541/FinalProject/FinalProject.srcs/sources_1/imports/sources/AccelArithmetics.vhd:73]
	Parameter SYSCLK_FREQUENCY_HZ bound to: 100000000 - type: integer 
	Parameter ACC_X_Y_MAX bound to: 10'b0111111111 
	Parameter ACC_X_Y_MIN bound to: 10'b0000000000 
WARNING: [Synth 8-6014] Unused sequential element Data_Ready_0_reg was removed.  [C:/Users/Bryce/Desktop/COMP541/FinalProject/FinalProject.srcs/sources_1/imports/sources/AccelArithmetics.vhd:177]
WARNING: [Synth 8-6014] Unused sequential element Data_Ready_1_reg was removed.  [C:/Users/Bryce/Desktop/COMP541/FinalProject/FinalProject.srcs/sources_1/imports/sources/AccelArithmetics.vhd:178]
INFO: [Synth 8-256] done synthesizing module 'AccelArithmetics' (31#1) [C:/Users/Bryce/Desktop/COMP541/FinalProject/FinalProject.srcs/sources_1/imports/sources/AccelArithmetics.vhd:73]
INFO: [Synth 8-256] done synthesizing module 'AccelerometerCtl' (32#1) [C:/Users/Bryce/Desktop/COMP541/FinalProject/FinalProject.srcs/sources_1/imports/sources/AccelerometerCtl.vhd:69]
INFO: [Synth 8-6155] done synthesizing module 'accelerometer' (33#1) [C:/Users/Bryce/Desktop/COMP541/FinalProject/FinalProject.srcs/sources_1/imports/sources/accelerometer.sv:13]
INFO: [Synth 8-6157] synthesizing module 'montek_sound_Nexys4' [C:/Users/Bryce/Desktop/COMP541/FinalProject/FinalProject.srcs/sources_1/imports/COMP541/Lab5/Lab5.srcs/sources_1/new/montek_sound_Nexys4.sv:21]
INFO: [Synth 8-6155] done synthesizing module 'montek_sound_Nexys4' (34#1) [C:/Users/Bryce/Desktop/COMP541/FinalProject/FinalProject.srcs/sources_1/imports/COMP541/Lab5/Lab5.srcs/sources_1/new/montek_sound_Nexys4.sv:21]
WARNING: [Synth 8-3848] Net audEn in module/entity top does not have driver. [C:/Users/Bryce/Desktop/COMP541/FinalProject/FinalProject.srcs/sources_1/new/top.sv:56]
INFO: [Synth 8-6155] done synthesizing module 'top' (35#1) [C:/Users/Bryce/Desktop/COMP541/FinalProject/FinalProject.srcs/sources_1/new/top.sv:17]
WARNING: [Synth 8-3331] design AccelArithmetics has unconnected port ACCEL_Z_IN[11]
WARNING: [Synth 8-3331] design AccelArithmetics has unconnected port ACCEL_Z_IN[10]
WARNING: [Synth 8-3331] design AccelArithmetics has unconnected port ACCEL_Z_IN[9]
WARNING: [Synth 8-3331] design AccelArithmetics has unconnected port ACCEL_Z_IN[8]
WARNING: [Synth 8-3331] design AccelArithmetics has unconnected port ACCEL_Z_IN[7]
WARNING: [Synth 8-3331] design AccelArithmetics has unconnected port ACCEL_Z_IN[6]
WARNING: [Synth 8-3331] design AccelArithmetics has unconnected port ACCEL_Z_IN[5]
WARNING: [Synth 8-3331] design AccelArithmetics has unconnected port ACCEL_Z_IN[4]
WARNING: [Synth 8-3331] design AccelArithmetics has unconnected port ACCEL_Z_IN[3]
WARNING: [Synth 8-3331] design AccelArithmetics has unconnected port ACCEL_Z_IN[2]
WARNING: [Synth 8-3331] design AccelArithmetics has unconnected port ACCEL_Z_IN[1]
WARNING: [Synth 8-3331] design AccelArithmetics has unconnected port ACCEL_Z_IN[0]
WARNING: [Synth 8-3331] design screenmem has unconnected port cpu_writedata[31]
WARNING: [Synth 8-3331] design screenmem has unconnected port cpu_writedata[30]
WARNING: [Synth 8-3331] design screenmem has unconnected port cpu_writedata[29]
WARNING: [Synth 8-3331] design screenmem has unconnected port cpu_writedata[28]
WARNING: [Synth 8-3331] design screenmem has unconnected port cpu_writedata[27]
WARNING: [Synth 8-3331] design screenmem has unconnected port cpu_writedata[26]
WARNING: [Synth 8-3331] design screenmem has unconnected port cpu_writedata[25]
WARNING: [Synth 8-3331] design screenmem has unconnected port cpu_writedata[24]
WARNING: [Synth 8-3331] design screenmem has unconnected port cpu_writedata[23]
WARNING: [Synth 8-3331] design screenmem has unconnected port cpu_writedata[22]
WARNING: [Synth 8-3331] design screenmem has unconnected port cpu_writedata[21]
WARNING: [Synth 8-3331] design screenmem has unconnected port cpu_writedata[20]
WARNING: [Synth 8-3331] design screenmem has unconnected port cpu_writedata[19]
WARNING: [Synth 8-3331] design screenmem has unconnected port cpu_writedata[18]
WARNING: [Synth 8-3331] design screenmem has unconnected port cpu_writedata[17]
WARNING: [Synth 8-3331] design screenmem has unconnected port cpu_writedata[16]
WARNING: [Synth 8-3331] design screenmem has unconnected port cpu_writedata[15]
WARNING: [Synth 8-3331] design screenmem has unconnected port cpu_writedata[14]
WARNING: [Synth 8-3331] design screenmem has unconnected port cpu_writedata[13]
WARNING: [Synth 8-3331] design screenmem has unconnected port cpu_writedata[12]
WARNING: [Synth 8-3331] design screenmem has unconnected port cpu_writedata[11]
WARNING: [Synth 8-3331] design screenmem has unconnected port cpu_writedata[10]
WARNING: [Synth 8-3331] design screenmem has unconnected port cpu_writedata[9]
WARNING: [Synth 8-3331] design screenmem has unconnected port cpu_writedata[8]
WARNING: [Synth 8-3331] design screenmem has unconnected port cpu_writedata[7]
WARNING: [Synth 8-3331] design screenmem has unconnected port cpu_writedata[6]
WARNING: [Synth 8-3331] design screenmem has unconnected port cpu_writedata[5]
WARNING: [Synth 8-3331] design screenmem has unconnected port cpu_writedata[4]
WARNING: [Synth 8-3331] design datapath has unconnected port instr[31]
WARNING: [Synth 8-3331] design datapath has unconnected port instr[30]
WARNING: [Synth 8-3331] design datapath has unconnected port instr[29]
WARNING: [Synth 8-3331] design datapath has unconnected port instr[28]
WARNING: [Synth 8-3331] design datapath has unconnected port instr[27]
WARNING: [Synth 8-3331] design datapath has unconnected port instr[26]
WARNING: [Synth 8-3331] design top has unconnected port audEn
WARNING: [Synth 8-3331] design top has unconnected port ps2_clk
WARNING: [Synth 8-3331] design top has unconnected port ps2_data
---------------------------------------------------------------------------------
Finished RTL Elaboration : Time (s): cpu = 00:00:06 ; elapsed = 00:00:07 . Memory (MB): peak = 876.512 ; gain = 296.113
---------------------------------------------------------------------------------

Report Check Netlist: 
+------+------------------+-------+---------+-------+------------------+
|      |Item              |Errors |Warnings |Status |Description       |
+------+------------------+-------+---------+-------+------------------+
|1     |multi_driven_nets |      0|        0|Passed |Multi driven nets |
+------+------------------+-------+---------+-------+------------------+
---------------------------------------------------------------------------------
Start Handling Custom Attributes
---------------------------------------------------------------------------------
---------------------------------------------------------------------------------
Finished Handling Custom Attributes : Time (s): cpu = 00:00:06 ; elapsed = 00:00:08 . Memory (MB): peak = 876.512 ; gain = 296.113
---------------------------------------------------------------------------------
---------------------------------------------------------------------------------
Finished RTL Optimization Phase 1 : Time (s): cpu = 00:00:06 ; elapsed = 00:00:08 . Memory (MB): peak = 876.512 ; gain = 296.113
---------------------------------------------------------------------------------
Netlist sorting complete. Time (s): cpu = 00:00:00 ; elapsed = 00:00:00.054 . Memory (MB): peak = 876.512 ; gain = 0.000
INFO: [Netlist 29-17] Analyzing 6 Unisim elements for replacement
INFO: [Netlist 29-28] Unisim Transformation completed in 0 CPU seconds
INFO: [Project 1-570] Preparing netlist for logic optimization

Processing XDC Constraints
Initializing timing engine
Parsing XDC File [C:/Users/Bryce/Desktop/COMP541/FinalProject/FinalProject.srcs/constrs_1/imports/COMP541/Lab4/Lab4.srcs/constrs_1/new/clock.xdc]
Finished Parsing XDC File [C:/Users/Bryce/Desktop/COMP541/FinalProject/FinalProject.srcs/constrs_1/imports/COMP541/Lab4/Lab4.srcs/constrs_1/new/clock.xdc]
INFO: [Project 1-236] Implementation specific constraints were found while reading constraint file [C:/Users/Bryce/Desktop/COMP541/FinalProject/FinalProject.srcs/constrs_1/imports/COMP541/Lab4/Lab4.srcs/constrs_1/new/clock.xdc]. These constraints will be ignored for synthesis but will be used in implementation. Impacted constraints are listed in the file [.Xil/top_propImpl.xdc].
Resolution: To avoid this warning, move constraints listed in [.Xil/top_propImpl.xdc] to another XDC file and exclude this new file from synthesis with the used_in_synthesis property (File Properties dialog in GUI) and re-run elaboration/synthesis.
Parsing XDC File [C:/Users/Bryce/Desktop/COMP541/FinalProject/FinalProject.srcs/constrs_1/imports/COMP541/Lab4/Lab4.srcs/constrs_1/new/vga.xdc]
Finished Parsing XDC File [C:/Users/Bryce/Desktop/COMP541/FinalProject/FinalProject.srcs/constrs_1/imports/COMP541/Lab4/Lab4.srcs/constrs_1/new/vga.xdc]
INFO: [Project 1-236] Implementation specific constraints were found while reading constraint file [C:/Users/Bryce/Desktop/COMP541/FinalProject/FinalProject.srcs/constrs_1/imports/COMP541/Lab4/Lab4.srcs/constrs_1/new/vga.xdc]. These constraints will be ignored for synthesis but will be used in implementation. Impacted constraints are listed in the file [.Xil/top_propImpl.xdc].
Resolution: To avoid this warning, move constraints listed in [.Xil/top_propImpl.xdc] to another XDC file and exclude this new file from synthesis with the used_in_synthesis property (File Properties dialog in GUI) and re-run elaboration/synthesis.
Parsing XDC File [C:/Users/Bryce/Desktop/COMP541/FinalProject/FinalProject.srcs/constrs_1/imports/COMP541/Lab5/Lab5.srcs/constrs_1/new/accel_DDR.xdc]
Finished Parsing XDC File [C:/Users/Bryce/Desktop/COMP541/FinalProject/FinalProject.srcs/constrs_1/imports/COMP541/Lab5/Lab5.srcs/constrs_1/new/accel_DDR.xdc]
INFO: [Project 1-236] Implementation specific constraints were found while reading constraint file [C:/Users/Bryce/Desktop/COMP541/FinalProject/FinalProject.srcs/constrs_1/imports/COMP541/Lab5/Lab5.srcs/constrs_1/new/accel_DDR.xdc]. These constraints will be ignored for synthesis but will be used in implementation. Impacted constraints are listed in the file [.Xil/top_propImpl.xdc].
Resolution: To avoid this warning, move constraints listed in [.Xil/top_propImpl.xdc] to another XDC file and exclude this new file from synthesis with the used_in_synthesis property (File Properties dialog in GUI) and re-run elaboration/synthesis.
Parsing XDC File [C:/Users/Bryce/Desktop/COMP541/FinalProject/FinalProject.srcs/constrs_1/imports/COMP541/Lab5/Lab5.srcs/constrs_1/new/keyboard_DDR.xdc]
Finished Parsing XDC File [C:/Users/Bryce/Desktop/COMP541/FinalProject/FinalProject.srcs/constrs_1/imports/COMP541/Lab5/Lab5.srcs/constrs_1/new/keyboard_DDR.xdc]
INFO: [Project 1-236] Implementation specific constraints were found while reading constraint file [C:/Users/Bryce/Desktop/COMP541/FinalProject/FinalProject.srcs/constrs_1/imports/COMP541/Lab5/Lab5.srcs/constrs_1/new/keyboard_DDR.xdc]. These constraints will be ignored for synthesis but will be used in implementation. Impacted constraints are listed in the file [.Xil/top_propImpl.xdc].
Resolution: To avoid this warning, move constraints listed in [.Xil/top_propImpl.xdc] to another XDC file and exclude this new file from synthesis with the used_in_synthesis property (File Properties dialog in GUI) and re-run elaboration/synthesis.
Parsing XDC File [C:/Users/Bryce/Desktop/COMP541/FinalProject/FinalProject.srcs/constrs_1/imports/COMP541/Lab5/Lab5.srcs/constrs_1/new/led_DDR.xdc]
Finished Parsing XDC File [C:/Users/Bryce/Desktop/COMP541/FinalProject/FinalProject.srcs/constrs_1/imports/COMP541/Lab5/Lab5.srcs/constrs_1/new/led_DDR.xdc]
INFO: [Project 1-236] Implementation specific constraints were found while reading constraint file [C:/Users/Bryce/Desktop/COMP541/FinalProject/FinalProject.srcs/constrs_1/imports/COMP541/Lab5/Lab5.srcs/constrs_1/new/led_DDR.xdc]. These constraints will be ignored for synthesis but will be used in implementation. Impacted constraints are listed in the file [.Xil/top_propImpl.xdc].
Resolution: To avoid this warning, move constraints listed in [.Xil/top_propImpl.xdc] to another XDC file and exclude this new file from synthesis with the used_in_synthesis property (File Properties dialog in GUI) and re-run elaboration/synthesis.
Parsing XDC File [C:/Users/Bryce/Desktop/COMP541/FinalProject/FinalProject.srcs/constrs_1/imports/COMP541/Lab5/Lab5.srcs/constrs_1/new/sound.xdc]
Finished Parsing XDC File [C:/Users/Bryce/Desktop/COMP541/FinalProject/FinalProject.srcs/constrs_1/imports/COMP541/Lab5/Lab5.srcs/constrs_1/new/sound.xdc]
INFO: [Project 1-236] Implementation specific constraints were found while reading constraint file [C:/Users/Bryce/Desktop/COMP541/FinalProject/FinalProject.srcs/constrs_1/imports/COMP541/Lab5/Lab5.srcs/constrs_1/new/sound.xdc]. These constraints will be ignored for synthesis but will be used in implementation. Impacted constraints are listed in the file [.Xil/top_propImpl.xdc].
Resolution: To avoid this warning, move constraints listed in [.Xil/top_propImpl.xdc] to another XDC file and exclude this new file from synthesis with the used_in_synthesis property (File Properties dialog in GUI) and re-run elaboration/synthesis.
Parsing XDC File [C:/Users/Bryce/Desktop/COMP541/FinalProject/FinalProject.srcs/constrs_1/new/reset_DDR.xdc]
Finished Parsing XDC File [C:/Users/Bryce/Desktop/COMP541/FinalProject/FinalProject.srcs/constrs_1/new/reset_DDR.xdc]
INFO: [Project 1-236] Implementation specific constraints were found while reading constraint file [C:/Users/Bryce/Desktop/COMP541/FinalProject/FinalProject.srcs/constrs_1/new/reset_DDR.xdc]. These constraints will be ignored for synthesis but will be used in implementation. Impacted constraints are listed in the file [.Xil/top_propImpl.xdc].
Resolution: To avoid this warning, move constraints listed in [.Xil/top_propImpl.xdc] to another XDC file and exclude this new file from synthesis with the used_in_synthesis property (File Properties dialog in GUI) and re-run elaboration/synthesis.
Parsing XDC File [C:/Users/Bryce/Desktop/COMP541/FinalProject/FinalProject.srcs/constrs_1/imports/new/segdisplay_DDR.xdc]
Finished Parsing XDC File [C:/Users/Bryce/Desktop/COMP541/FinalProject/FinalProject.srcs/constrs_1/imports/new/segdisplay_DDR.xdc]
INFO: [Project 1-236] Implementation specific constraints were found while reading constraint file [C:/Users/Bryce/Desktop/COMP541/FinalProject/FinalProject.srcs/constrs_1/imports/new/segdisplay_DDR.xdc]. These constraints will be ignored for synthesis but will be used in implementation. Impacted constraints are listed in the file [.Xil/top_propImpl.xdc].
Resolution: To avoid this warning, move constraints listed in [.Xil/top_propImpl.xdc] to another XDC file and exclude this new file from synthesis with the used_in_synthesis property (File Properties dialog in GUI) and re-run elaboration/synthesis.
Parsing XDC File [C:/Users/Bryce/Desktop/COMP541/FinalProject/FinalProject.srcs/constrs_1/new/buttons_DDR.xdc]
Finished Parsing XDC File [C:/Users/Bryce/Desktop/COMP541/FinalProject/FinalProject.srcs/constrs_1/new/buttons_DDR.xdc]
INFO: [Project 1-236] Implementation specific constraints were found while reading constraint file [C:/Users/Bryce/Desktop/COMP541/FinalProject/FinalProject.srcs/constrs_1/new/buttons_DDR.xdc]. These constraints will be ignored for synthesis but will be used in implementation. Impacted constraints are listed in the file [.Xil/top_propImpl.xdc].
Resolution: To avoid this warning, move constraints listed in [.Xil/top_propImpl.xdc] to another XDC file and exclude this new file from synthesis with the used_in_synthesis property (File Properties dialog in GUI) and re-run elaboration/synthesis.
INFO: [Timing 38-2] Deriving generated clocks
Completed Processing XDC Constraints

Netlist sorting complete. Time (s): cpu = 00:00:00 ; elapsed = 00:00:00.001 . Memory (MB): peak = 1004.016 ; gain = 0.000
INFO: [Project 1-111] Unisim Transformation Summary:
  A total of 6 instances were transformed.
  BUFGMUX => BUFGCTRL (inverted pins: CE0): 4 instances
  INV => LUT1: 1 instance 
  MMCME2_BASE => MMCME2_ADV: 1 instance 

Constraint Validation Runtime : Time (s): cpu = 00:00:00 ; elapsed = 00:00:00.015 . Memory (MB): peak = 1004.016 ; gain = 0.000
---------------------------------------------------------------------------------
Finished Constraint Validation : Time (s): cpu = 00:00:15 ; elapsed = 00:00:17 . Memory (MB): peak = 1004.016 ; gain = 423.617
---------------------------------------------------------------------------------
---------------------------------------------------------------------------------
Start Loading Part and Timing Information
---------------------------------------------------------------------------------
Loading part: xc7a100tcsg324-1
---------------------------------------------------------------------------------
Finished Loading Part and Timing Information : Time (s): cpu = 00:00:15 ; elapsed = 00:00:17 . Memory (MB): peak = 1004.016 ; gain = 423.617
---------------------------------------------------------------------------------
---------------------------------------------------------------------------------
Start Applying 'set_property' XDC Constraints
---------------------------------------------------------------------------------
---------------------------------------------------------------------------------
Finished applying 'set_property' XDC Constraints : Time (s): cpu = 00:00:15 ; elapsed = 00:00:17 . Memory (MB): peak = 1004.016 ; gain = 423.617
---------------------------------------------------------------------------------
INFO: [Synth 8-5546] ROM "mem" won't be mapped to RAM because it is too sparse
INFO: [Synth 8-802] inferred FSM for state register 'StC_reg' in module 'SPI_If'
INFO: [Synth 8-5546] ROM "StN" won't be mapped to RAM because it is too sparse
INFO: [Synth 8-802] inferred FSM for state register 'StC_Spi_SendRec_reg' in module 'ADXL362Ctrl'
INFO: [Synth 8-802] inferred FSM for state register 'StC_Spi_Trans_reg' in module 'ADXL362Ctrl'
INFO: [Synth 8-802] inferred FSM for state register 'StC_Adxl_Ctrl_reg' in module 'ADXL362Ctrl'
INFO: [Synth 8-5546] ROM "StN_Spi_Trans" won't be mapped to RAM because it is too sparse
INFO: [Synth 8-5546] ROM "StN_Spi_Trans" won't be mapped to RAM because it is too sparse
INFO: [Synth 8-5544] ROM "Cmd_Reg_Data[0]" won't be mapped to Block RAM because address size (3) smaller than threshold (5)
INFO: [Synth 8-5544] ROM "Cmd_Reg_Data[0]" won't be mapped to Block RAM because address size (3) smaller than threshold (5)
---------------------------------------------------------------------------------------------------
                   State |                     New Encoding |                Previous Encoding 
---------------------------------------------------------------------------------------------------
                  stidle |                               00 |                         10100000
               stprepare |                               01 |                         00001001
                 stshift |                               10 |                         01011011
                  stdone |                               11 |                         00001110
---------------------------------------------------------------------------------------------------
INFO: [Synth 8-3354] encoded FSM with state register 'StC_reg' using encoding 'sequential' in module 'SPI_If'
---------------------------------------------------------------------------------------------------
                   State |                     New Encoding |                Previous Encoding 
---------------------------------------------------------------------------------------------------
        stspisendrecidle |                              000 |                          0000000
         stspipreparecmd |                              001 |                          1000001
         stspisendstartw |                              010 |                          0001011
        stspiwaitondonew |                              011 |                          0000111
         stspisendstartr |                              100 |                          0001110
        stspiwaitondoner |                              101 |                          0100100
        stspisendrecdone |                              110 |                          0010101
---------------------------------------------------------------------------------------------------
INFO: [Synth 8-3354] encoded FSM with state register 'StC_Spi_SendRec_reg' using encoding 'sequential' in module 'ADXL362Ctrl'
---------------------------------------------------------------------------------------------------
                   State |                     New Encoding |                Previous Encoding 
---------------------------------------------------------------------------------------------------
          stspitransidle |                              000 |                       0000000000
     stspiprepandsendcmd |                              001 |                       1111100001
       stspiwaitondonesr |                              010 |                       0000110011
     stspiwaitforssinact |                              011 |                       0000000010
          stspitransdone |                              100 |                       0000001110
---------------------------------------------------------------------------------------------------
INFO: [Synth 8-3354] encoded FSM with state register 'StC_Spi_Trans_reg' using encoding 'sequential' in module 'ADXL362Ctrl'
---------------------------------------------------------------------------------------------------
                   State |                     New Encoding |                Previous Encoding 
---------------------------------------------------------------------------------------------------
          stadxlctrlidle |                             0000 |                     100100000000
      stadxlsendresetcmd |                             0001 |                     011001000001
     stadxlwaitresetdone |                             0010 |                     010000000011
    stadxlconf_remaining |                             0011 |                     011001000010
stadxlwaitsampleratetick |                             0100 |                     000100000110
       stadxlread_status |                             0101 |                     011001000111
         stadxlread_data |                             0110 |                     011000000101
      stadxlformatandsum |                             0111 |                     000010101101
         stadxlread_done |                             1000 |                     000001011111
---------------------------------------------------------------------------------------------------
INFO: [Synth 8-3354] encoded FSM with state register 'StC_Adxl_Ctrl_reg' using encoding 'sequential' in module 'ADXL362Ctrl'
---------------------------------------------------------------------------------
Finished RTL Optimization Phase 2 : Time (s): cpu = 00:00:17 ; elapsed = 00:00:19 . Memory (MB): peak = 1004.016 ; gain = 423.617
---------------------------------------------------------------------------------

Report RTL Partitions: 
+-+--------------+------------+----------+
| |RTL Partition |Replication |Instances |
+-+--------------+------------+----------+
+-+--------------+------------+----------+
---------------------------------------------------------------------------------
Start RTL Component Statistics 
---------------------------------------------------------------------------------
Detailed RTL Component Info : 
+---Adders : 
	   2 Input     32 Bit       Adders := 3     
	   2 Input     20 Bit       Adders := 1     
	   2 Input     13 Bit       Adders := 4     
	   2 Input     10 Bit       Adders := 6     
	   2 Input      6 Bit       Adders := 1     
	   2 Input      4 Bit       Adders := 1     
	   2 Input      3 Bit       Adders := 3     
	   2 Input      2 Bit       Adders := 3     
+---XORs : 
	   2 Input     32 Bit         XORs := 2     
	   2 Input      1 Bit         XORs := 66    
+---Registers : 
	               32 Bit    Registers := 2     
	               20 Bit    Registers := 1     
	               16 Bit    Registers := 1     
	               13 Bit    Registers := 2     
	               12 Bit    Registers := 4     
	               10 Bit    Registers := 6     
	                8 Bit    Registers := 14    
	                7 Bit    Registers := 1     
	                6 Bit    Registers := 1     
	                4 Bit    Registers := 1     
	                3 Bit    Registers := 3     
	                2 Bit    Registers := 3     
	                1 Bit    Registers := 9     
+---Muxes : 
	   2 Input     32 Bit        Muxes := 11    
	   5 Input     32 Bit        Muxes := 3     
	   4 Input     32 Bit        Muxes := 3     
	   3 Input     32 Bit        Muxes := 1     
	 479 Input     32 Bit        Muxes := 1     
	   2 Input     20 Bit        Muxes := 1     
	   2 Input     16 Bit        Muxes := 1     
	   2 Input     13 Bit        Muxes := 2     
	   9 Input     12 Bit        Muxes := 1     
	   4 Input     10 Bit        Muxes := 3     
	  10 Input     10 Bit        Muxes := 1     
	   5 Input     10 Bit        Muxes := 1     
	   8 Input      8 Bit        Muxes := 1     
	   4 Input      8 Bit        Muxes := 1     
	   2 Input      8 Bit        Muxes := 3     
	   5 Input      8 Bit        Muxes := 2     
	   3 Input      7 Bit        Muxes := 1     
	   7 Input      7 Bit        Muxes := 1     
	   8 Input      7 Bit        Muxes := 2     
	  13 Input      5 Bit        Muxes := 1     
	  11 Input      5 Bit        Muxes := 1     
	   4 Input      5 Bit        Muxes := 1     
	   3 Input      5 Bit        Muxes := 1     
	   2 Input      4 Bit        Muxes := 6     
	   9 Input      4 Bit        Muxes := 1     
	   2 Input      3 Bit        Muxes := 8     
	   7 Input      3 Bit        Muxes := 1     
	   5 Input      3 Bit        Muxes := 1     
	   4 Input      3 Bit        Muxes := 1     
	   2 Input      2 Bit        Muxes := 4     
	   4 Input      2 Bit        Muxes := 3     
	   2 Input      1 Bit        Muxes := 24    
	   4 Input      1 Bit        Muxes := 1     
	   7 Input      1 Bit        Muxes := 1     
	   5 Input      1 Bit        Muxes := 1     
	   9 Input      1 Bit        Muxes := 1     
---------------------------------------------------------------------------------
Finished RTL Component Statistics 
---------------------------------------------------------------------------------
---------------------------------------------------------------------------------
Start RTL Hierarchical Component Statistics 
---------------------------------------------------------------------------------
Hierarchical RTL Component report 
Module clockdivider_Nexys4 
Detailed RTL Component Info : 
+---Adders : 
	   2 Input      3 Bit       Adders := 1     
+---Registers : 
	                3 Bit    Registers := 1     
Module controller 
Detailed RTL Component Info : 
+---Muxes : 
	   4 Input     10 Bit        Muxes := 1     
	  10 Input     10 Bit        Muxes := 1     
	  13 Input      5 Bit        Muxes := 1     
	  11 Input      5 Bit        Muxes := 1     
	   2 Input      2 Bit        Muxes := 2     
	   2 Input      1 Bit        Muxes := 1     
Module register_file 
Detailed RTL Component Info : 
+---Muxes : 
	   2 Input     32 Bit        Muxes := 2     
Module fulladder 
Detailed RTL Component Info : 
+---XORs : 
	   2 Input      1 Bit         XORs := 2     
Module adder 
Detailed RTL Component Info : 
+---XORs : 
	   2 Input      1 Bit         XORs := 1     
Module addsub 
Detailed RTL Component Info : 
+---XORs : 
	   2 Input     32 Bit         XORs := 1     
Module shifter 
Detailed RTL Component Info : 
+---Muxes : 
	   2 Input     32 Bit        Muxes := 2     
Module logical 
Detailed RTL Component Info : 
+---XORs : 
	   2 Input     32 Bit         XORs := 1     
+---Muxes : 
	   5 Input     32 Bit        Muxes := 1     
Module comparator 
Detailed RTL Component Info : 
+---XORs : 
	   2 Input      1 Bit         XORs := 1     
+---Muxes : 
	   2 Input      1 Bit        Muxes := 1     
Module ALU 
Detailed RTL Component Info : 
+---Muxes : 
	   2 Input     32 Bit        Muxes := 3     
Module datapath 
Detailed RTL Component Info : 
+---Adders : 
	   2 Input     32 Bit       Adders := 2     
+---Registers : 
	               32 Bit    Registers := 1     
+---Muxes : 
	   2 Input     32 Bit        Muxes := 4     
	   5 Input     32 Bit        Muxes := 2     
	   4 Input     32 Bit        Muxes := 1     
	   3 Input     32 Bit        Muxes := 1     
	   4 Input      5 Bit        Muxes := 1     
	   3 Input      5 Bit        Muxes := 1     
	   4 Input      2 Bit        Muxes := 1     
Module rom_module 
Detailed RTL Component Info : 
+---Muxes : 
	 479 Input     32 Bit        Muxes := 1     
Module memIO 
Detailed RTL Component Info : 
+---Registers : 
	               32 Bit    Registers := 1     
	               16 Bit    Registers := 1     
+---Muxes : 
	   4 Input     32 Bit        Muxes := 2     
	   2 Input     16 Bit        Muxes := 1     
Module xycounter 
Detailed RTL Component Info : 
+---Adders : 
	   2 Input     10 Bit       Adders := 2     
+---Registers : 
	               10 Bit    Registers := 2     
Module vgatimer 
Detailed RTL Component Info : 
+---Adders : 
	   2 Input      2 Bit       Adders := 1     
+---Registers : 
	                2 Bit    Registers := 1     
Module vgadisplaydriver 
Detailed RTL Component Info : 
+---Muxes : 
	   2 Input      4 Bit        Muxes := 3     
Module debouncer 
Detailed RTL Component Info : 
+---Registers : 
	                1 Bit    Registers := 1     
Module buttonInput 
Detailed RTL Component Info : 
+---Muxes : 
	   3 Input      7 Bit        Muxes := 1     
Module display8digit 
Detailed RTL Component Info : 
+---Muxes : 
	   8 Input      8 Bit        Muxes := 1     
Module SPI_If 
Detailed RTL Component Info : 
+---Adders : 
	   2 Input      6 Bit       Adders := 1     
	   2 Input      3 Bit       Adders := 1     
+---Registers : 
	                8 Bit    Registers := 3     
	                6 Bit    Registers := 1     
	                3 Bit    Registers := 1     
	                1 Bit    Registers := 3     
+---Muxes : 
	   4 Input      8 Bit        Muxes := 1     
	   2 Input      8 Bit        Muxes := 2     
	   2 Input      3 Bit        Muxes := 1     
	   4 Input      2 Bit        Muxes := 1     
	   2 Input      1 Bit        Muxes := 3     
	   4 Input      1 Bit        Muxes := 1     
Module ADXL362Ctrl 
Detailed RTL Component Info : 
+---Adders : 
	   2 Input     20 Bit       Adders := 1     
	   2 Input     10 Bit       Adders := 1     
	   2 Input      4 Bit       Adders := 1     
	   2 Input      3 Bit       Adders := 1     
	   2 Input      2 Bit       Adders := 2     
+---Registers : 
	               20 Bit    Registers := 1     
	               12 Bit    Registers := 4     
	               10 Bit    Registers := 1     
	                8 Bit    Registers := 11    
	                7 Bit    Registers := 1     
	                4 Bit    Registers := 1     
	                3 Bit    Registers := 1     
	                2 Bit    Registers := 2     
	                1 Bit    Registers := 2     
+---Muxes : 
	   2 Input     20 Bit        Muxes := 1     
	   9 Input     12 Bit        Muxes := 1     
	   5 Input     10 Bit        Muxes := 1     
	   5 Input      8 Bit        Muxes := 2     
	   2 Input      8 Bit        Muxes := 1     
	   7 Input      7 Bit        Muxes := 1     
	   8 Input      7 Bit        Muxes := 2     
	   2 Input      4 Bit        Muxes := 3     
	   9 Input      4 Bit        Muxes := 1     
	   2 Input      3 Bit        Muxes := 7     
	   7 Input      3 Bit        Muxes := 1     
	   5 Input      3 Bit        Muxes := 1     
	   4 Input      3 Bit        Muxes := 1     
	   4 Input      2 Bit        Muxes := 1     
	   2 Input      2 Bit        Muxes := 2     
	   2 Input      1 Bit        Muxes := 19    
	   7 Input      1 Bit        Muxes := 1     
	   5 Input      1 Bit        Muxes := 1     
	   9 Input      1 Bit        Muxes := 1     
Module AccelArithmetics 
Detailed RTL Component Info : 
+---Adders : 
	   2 Input     13 Bit       Adders := 4     
	   2 Input     10 Bit       Adders := 2     
+---Registers : 
	               13 Bit    Registers := 2     
	               10 Bit    Registers := 2     
+---Muxes : 
	   2 Input     13 Bit        Muxes := 2     
	   4 Input     10 Bit        Muxes := 2     
Module AccelerometerCtl 
Detailed RTL Component Info : 
+---Adders : 
	   2 Input     10 Bit       Adders := 1     
+---Registers : 
	               10 Bit    Registers := 1     
	                1 Bit    Registers := 1     
Module montek_sound_Nexys4 
Detailed RTL Component Info : 
+---Adders : 
	   2 Input     32 Bit       Adders := 1     
---------------------------------------------------------------------------------
Finished RTL Hierarchical Component Statistics
---------------------------------------------------------------------------------
---------------------------------------------------------------------------------
Start Part Resource Summary
---------------------------------------------------------------------------------
Part Resources:
DSPs: 240 (col length:80)
BRAMs: 270 (col length: RAMB18 80 RAMB36 40)
---------------------------------------------------------------------------------
Finished Part Resource Summary
---------------------------------------------------------------------------------
---------------------------------------------------------------------------------
Start Cross Boundary and Area Optimization
---------------------------------------------------------------------------------
Warning: Parallel synthesis criteria is not met 
INFO: [Synth 8-5544] ROM "p_0_out" won't be mapped to Block RAM because address size (4) smaller than threshold (5)
INFO: [Synth 8-4471] merging register 'accel/ADXL_Control/Cmd_Reg_Data_Addr_reg[1:0]' into 'accel/ADXL_Control/Cmd_Reg_Data_Addr_reg[1:0]' [C:/Users/Bryce/Desktop/COMP541/FinalProject/FinalProject.srcs/sources_1/imports/sources/ADXL362Ctrl.vhd:451]
WARNING: [Synth 8-3331] design vgadisplaydriver has unconnected port charCode[3]
WARNING: [Synth 8-3331] design vgadisplaydriver has unconnected port charCode[2]
WARNING: [Synth 8-3331] design memIO has unconnected port cpu_addr[31]
WARNING: [Synth 8-3331] design memIO has unconnected port cpu_addr[30]
WARNING: [Synth 8-3331] design memIO has unconnected port cpu_addr[29]
WARNING: [Synth 8-3331] design memIO has unconnected port cpu_addr[28]
WARNING: [Synth 8-3331] design memIO has unconnected port cpu_addr[27]
WARNING: [Synth 8-3331] design memIO has unconnected port cpu_addr[26]
WARNING: [Synth 8-3331] design memIO has unconnected port cpu_addr[25]
WARNING: [Synth 8-3331] design memIO has unconnected port cpu_addr[24]
WARNING: [Synth 8-3331] design memIO has unconnected port cpu_addr[23]
WARNING: [Synth 8-3331] design memIO has unconnected port cpu_addr[22]
WARNING: [Synth 8-3331] design memIO has unconnected port cpu_addr[21]
WARNING: [Synth 8-3331] design memIO has unconnected port cpu_addr[20]
WARNING: [Synth 8-3331] design memIO has unconnected port cpu_addr[19]
WARNING: [Synth 8-3331] design memIO has unconnected port cpu_addr[18]
WARNING: [Synth 8-3331] design memIO has unconnected port cpu_addr[15]
WARNING: [Synth 8-3331] design memIO has unconnected port cpu_addr[14]
WARNING: [Synth 8-3331] design memIO has unconnected port cpu_addr[13]
WARNING: [Synth 8-3331] design memIO has unconnected port cpu_addr[1]
WARNING: [Synth 8-3331] design memIO has unconnected port cpu_addr[0]
WARNING: [Synth 8-3331] design top has unconnected port audEn
WARNING: [Synth 8-3331] design top has unconnected port ps2_clk
WARNING: [Synth 8-3331] design top has unconnected port ps2_data
WARNING: [Synth 8-3331] design top has unconnected port BTNC
INFO: [Synth 8-3886] merging instance 'accel/accel/ADXL_Control/Cmd_Reg_reg[0][0]' (FDRE) to 'accel/accel/ADXL_Control/Cmd_Reg_reg[0][5]'
INFO: [Synth 8-3886] merging instance 'accel/accel/ADXL_Control/Cmd_Reg_reg[0][3]' (FDRE) to 'accel/accel/ADXL_Control/Cmd_Reg_reg[0][5]'
INFO: [Synth 8-3333] propagating constant 0 across sequential element (accel/\accel/ADXL_Control/Cmd_Reg_reg[0][5] )
INFO: [Synth 8-3333] propagating constant 0 across sequential element (accel/\accel/ADXL_Control/Cmd_Reg_reg[1][7] )
---------------------------------------------------------------------------------
Finished Cross Boundary and Area Optimization : Time (s): cpu = 00:00:50 ; elapsed = 00:00:53 . Memory (MB): peak = 1004.016 ; gain = 423.617
---------------------------------------------------------------------------------
---------------------------------------------------------------------------------
Start ROM, RAM, DSP and Shift Register Reporting
---------------------------------------------------------------------------------

ROM:
+-----------------+------------+---------------+----------------+
|Module Name      | RTL Object | Depth x Width | Implemented As | 
+-----------------+------------+---------------+----------------+
|bitmapmem        | p_0_out    | 1024x5        | LUT            | 
|vgadisplaydriver | p_0_out    | 1024x5        | LUT            | 
+-----------------+------------+---------------+----------------+


Distributed RAM: Preliminary Mapping	Report (see note below)
+------------+-----------------------------+-----------+----------------------+-------------------------------------------+
|Module Name | RTL Object                  | Inference | Size (Depth x Width) | Primitives                                | 
+------------+-----------------------------+-----------+----------------------+-------------------------------------------+
|mips        | dp/regfile_instance/mem_reg | Implied   | 32 x 32              | RAM32M x 12	                              | 
|memIO       | screen_mem/smem_reg         | Implied   | 2 K x 4              | RAM16X1D x 4	RAM32X1D x 4	RAM128X1D x 36	 | 
|memIO       | data_mem/mem_reg            | Implied   | 64 x 32              | RAM64X1S x 32	                            | 
+------------+-----------------------------+-----------+----------------------+-------------------------------------------+

Note: The table above is a preliminary report that shows the Distributed RAMs at the current stage of the synthesis flow. Some Distributed RAMs may be reimplemented as non Distributed RAM primitives later in the synthesis flow. Multiple instantiated RAMs are reported only once.
---------------------------------------------------------------------------------
Finished ROM, RAM, DSP and Shift Register Reporting
---------------------------------------------------------------------------------

Report RTL Partitions: 
+-+--------------+------------+----------+
| |RTL Partition |Replication |Instances |
+-+--------------+------------+----------+
+-+--------------+------------+----------+
---------------------------------------------------------------------------------
Start Applying XDC Timing Constraints
---------------------------------------------------------------------------------
---------------------------------------------------------------------------------
Finished Applying XDC Timing Constraints : Time (s): cpu = 00:00:58 ; elapsed = 00:01:01 . Memory (MB): peak = 1004.016 ; gain = 423.617
---------------------------------------------------------------------------------
---------------------------------------------------------------------------------
Start Timing Optimization
---------------------------------------------------------------------------------
---------------------------------------------------------------------------------
Finished Timing Optimization : Time (s): cpu = 00:00:59 ; elapsed = 00:01:01 . Memory (MB): peak = 1004.016 ; gain = 423.617
---------------------------------------------------------------------------------
---------------------------------------------------------------------------------
Start ROM, RAM, DSP and Shift Register Reporting
---------------------------------------------------------------------------------

Distributed RAM: Final Mapping	Report
+------------+-----------------------------+-----------+----------------------+-------------------------------------------+
|Module Name | RTL Object                  | Inference | Size (Depth x Width) | Primitives                                | 
+------------+-----------------------------+-----------+----------------------+-------------------------------------------+
|mips        | dp/regfile_instance/mem_reg | Implied   | 32 x 32              | RAM32M x 12	                              | 
|memIO       | screen_mem/smem_reg         | Implied   | 2 K x 4              | RAM16X1D x 4	RAM32X1D x 4	RAM128X1D x 36	 | 
|memIO       | data_mem/mem_reg            | Implied   | 64 x 32              | RAM64X1S x 32	                            | 
+------------+-----------------------------+-----------+----------------------+-------------------------------------------+

---------------------------------------------------------------------------------
Finished ROM, RAM, DSP and Shift Register Reporting
---------------------------------------------------------------------------------

Report RTL Partitions: 
+-+--------------+------------+----------+
| |RTL Partition |Replication |Instances |
+-+--------------+------------+----------+
+-+--------------+------------+----------+
---------------------------------------------------------------------------------
Start Technology Mapping
---------------------------------------------------------------------------------
---------------------------------------------------------------------------------
Finished Technology Mapping : Time (s): cpu = 00:01:01 ; elapsed = 00:01:03 . Memory (MB): peak = 1056.453 ; gain = 476.055
---------------------------------------------------------------------------------

Report RTL Partitions: 
+-+--------------+------------+----------+
| |RTL Partition |Replication |Instances |
+-+--------------+------------+----------+
+-+--------------+------------+----------+
---------------------------------------------------------------------------------
Start IO Insertion
---------------------------------------------------------------------------------
---------------------------------------------------------------------------------
Start Flattening Before IO Insertion
---------------------------------------------------------------------------------
---------------------------------------------------------------------------------
Finished Flattening Before IO Insertion
---------------------------------------------------------------------------------
---------------------------------------------------------------------------------
Start Final Netlist Cleanup
---------------------------------------------------------------------------------
---------------------------------------------------------------------------------
Finished Final Netlist Cleanup
---------------------------------------------------------------------------------
---------------------------------------------------------------------------------
Finished IO Insertion : Time (s): cpu = 00:01:05 ; elapsed = 00:01:08 . Memory (MB): peak = 1060.914 ; gain = 480.516
---------------------------------------------------------------------------------
---------------------------------------------------------------------------------
Start Renaming Generated Instances
---------------------------------------------------------------------------------
---------------------------------------------------------------------------------
Finished Renaming Generated Instances : Time (s): cpu = 00:01:05 ; elapsed = 00:01:08 . Memory (MB): peak = 1060.914 ; gain = 480.516
---------------------------------------------------------------------------------

Report RTL Partitions: 
+-+--------------+------------+----------+
| |RTL Partition |Replication |Instances |
+-+--------------+------------+----------+
+-+--------------+------------+----------+

Report Check Netlist: 
+------+------------------+-------+---------+-------+------------------+
|      |Item              |Errors |Warnings |Status |Description       |
+------+------------------+-------+---------+-------+------------------+
|1     |multi_driven_nets |      0|        0|Passed |Multi driven nets |
+------+------------------+-------+---------+-------+------------------+
---------------------------------------------------------------------------------
Start Rebuilding User Hierarchy
---------------------------------------------------------------------------------
---------------------------------------------------------------------------------
Finished Rebuilding User Hierarchy : Time (s): cpu = 00:01:06 ; elapsed = 00:01:08 . Memory (MB): peak = 1060.914 ; gain = 480.516
---------------------------------------------------------------------------------
---------------------------------------------------------------------------------
Start Renaming Generated Ports
---------------------------------------------------------------------------------
---------------------------------------------------------------------------------
Finished Renaming Generated Ports : Time (s): cpu = 00:01:06 ; elapsed = 00:01:08 . Memory (MB): peak = 1060.914 ; gain = 480.516
---------------------------------------------------------------------------------
---------------------------------------------------------------------------------
Start Handling Custom Attributes
---------------------------------------------------------------------------------
---------------------------------------------------------------------------------
Finished Handling Custom Attributes : Time (s): cpu = 00:01:06 ; elapsed = 00:01:08 . Memory (MB): peak = 1060.914 ; gain = 480.516
---------------------------------------------------------------------------------
---------------------------------------------------------------------------------
Start Renaming Generated Nets
---------------------------------------------------------------------------------
---------------------------------------------------------------------------------
Finished Renaming Generated Nets : Time (s): cpu = 00:01:06 ; elapsed = 00:01:08 . Memory (MB): peak = 1060.914 ; gain = 480.516
---------------------------------------------------------------------------------
---------------------------------------------------------------------------------
Start ROM, RAM, DSP and Shift Register Reporting
---------------------------------------------------------------------------------

Static Shift Register Report:
+------------+---------------------------------------------+--------+-------+--------------+--------------------+-------------------+--------+---------+
|Module Name | RTL Name                                    | Length | Width | Reset Signal | Pull out first Reg | Pull out last Reg | SRL16E | SRLC32E | 
+------------+---------------------------------------------+--------+-------+--------------+--------------------+-------------------+--------+---------+
|top         | accel/accel/ADXL_Control/Data_Reg_reg[4][7] | 4      | 2     | NO           | NO                 | YES               | 2      | 0       | 
|top         | accel/accel/ADXL_Control/Data_Reg_reg[4][6] | 5      | 6     | NO           | NO                 | YES               | 6      | 0       | 
+------------+---------------------------------------------+--------+-------+--------------+--------------------+-------------------+--------+---------+

---------------------------------------------------------------------------------
Finished ROM, RAM, DSP and Shift Register Reporting
---------------------------------------------------------------------------------
---------------------------------------------------------------------------------
Start Writing Synthesis Report
---------------------------------------------------------------------------------

Report BlackBoxes: 
+-+--------------+----------+
| |BlackBox name |Instances |
+-+--------------+----------+
+-+--------------+----------+

Report Cell Usage: 
+------+------------+------+
|      |Cell        |Count |
+------+------------+------+
|1     |BUFG        |     1|
|2     |BUFGMUX     |     4|
|3     |CARRY4      |    86|
|4     |INV         |     1|
|5     |LUT1        |    82|
|6     |LUT2        |   208|
|7     |LUT3        |   155|
|8     |LUT4        |   203|
|9     |LUT5        |   201|
|10    |LUT6        |   660|
|11    |MMCME2_BASE |     1|
|12    |MUXF7       |   119|
|13    |MUXF8       |    14|
|14    |RAM128X1D   |    36|
|15    |RAM16X1D    |     4|
|16    |RAM32M      |    12|
|17    |RAM32X1D    |     4|
|18    |RAM64X1S    |    32|
|19    |SRL16E      |     8|
|20    |FDRE        |   452|
|21    |FDSE        |     5|
|22    |IBUF        |     5|
|23    |OBUF        |    50|
|24    |OBUFT       |     1|
+------+------------+------+

Report Instance Areas: 
+------+------------------------+--------------------+------+
|      |Instance                |Module              |Cells |
+------+------------------------+--------------------+------+
|1     |top                     |                    |  2344|
|2     |  accel                 |accelerometer       |   573|
|3     |    accel               |AccelerometerCtl    |   573|
|4     |      ADXL_Control      |ADXL362Ctrl         |   452|
|5     |        SPI_Interface   |SPI_If              |    78|
|6     |      Accel_Calculation |AccelArithmetics    |    97|
|7     |  buttonInputDevice     |buttonInput         |    61|
|8     |    downDebouncer       |debouncer           |    31|
|9     |    upDebouncer         |debouncer_0         |    30|
|10    |  clkdv                 |clockdivider_Nexys4 |    14|
|11    |  disp                  |display8digit       |    35|
|12    |  display               |vgadisplaydriver    |    83|
|13    |    myvgatimer          |vgatimer            |    80|
|14    |      xy                |xycounter           |    76|
|15    |  memIO                 |memIO               |   219|
|16    |    data_mem            |datamem             |    43|
|17    |    screen_mem          |screenmem           |    54|
|18    |  mips                  |mips                |  1224|
|19    |    dp                  |datapath            |  1224|
|20    |      regfile_instance  |register_file       |  1077|
|21    |  sound                 |montek_sound_Nexys4 |    79|
+------+------------------------+--------------------+------+
---------------------------------------------------------------------------------
Finished Writing Synthesis Report : Time (s): cpu = 00:01:06 ; elapsed = 00:01:08 . Memory (MB): peak = 1060.914 ; gain = 480.516
---------------------------------------------------------------------------------
Synthesis finished with 0 errors, 0 critical warnings and 25 warnings.
Synthesis Optimization Runtime : Time (s): cpu = 00:00:56 ; elapsed = 00:01:05 . Memory (MB): peak = 1060.914 ; gain = 353.012
Synthesis Optimization Complete : Time (s): cpu = 00:01:06 ; elapsed = 00:01:08 . Memory (MB): peak = 1060.914 ; gain = 480.516
INFO: [Project 1-571] Translating synthesized netlist
Netlist sorting complete. Time (s): cpu = 00:00:00 ; elapsed = 00:00:00.050 . Memory (MB): peak = 1068.969 ; gain = 0.000
INFO: [Netlist 29-17] Analyzing 313 Unisim elements for replacement
INFO: [Netlist 29-28] Unisim Transformation completed in 0 CPU seconds
INFO: [Project 1-570] Preparing netlist for logic optimization
INFO: [Opt 31-138] Pushed 0 inverter(s) to 0 load pin(s).
Netlist sorting complete. Time (s): cpu = 00:00:00 ; elapsed = 00:00:00.001 . Memory (MB): peak = 1069.016 ; gain = 0.000
INFO: [Project 1-111] Unisim Transformation Summary:
  A total of 94 instances were transformed.
  BUFGMUX => BUFGCTRL (inverted pins: CE0): 4 instances
  INV => LUT1: 1 instance 
  MMCME2_BASE => MMCME2_ADV: 1 instance 
  RAM128X1D => RAM128X1D (MUXF7(x2), RAMD64E(x4)): 36 instances
  RAM16X1D => RAM32X1D (RAMD32(x2)): 4 instances
  RAM32M => RAM32M (RAMD32(x6), RAMS32(x2)): 12 instances
  RAM32X1D => RAM32X1D (RAMD32(x2)): 4 instances
  RAM64X1S => RAM64X1S (RAMS64E): 32 instances

INFO: [Common 17-83] Releasing license: Synthesis
125 Infos, 83 Warnings, 0 Critical Warnings and 0 Errors encountered.
synth_design completed successfully
synth_design: Time (s): cpu = 00:01:12 ; elapsed = 00:01:16 . Memory (MB): peak = 1069.016 ; gain = 767.605
Netlist sorting complete. Time (s): cpu = 00:00:00 ; elapsed = 00:00:00.001 . Memory (MB): peak = 1069.016 ; gain = 0.000
WARNING: [Constraints 18-5210] No constraints selected for write.
Resolution: This message can indicate that there are no constraints for the design, or it can indicate that the used_in flags are set such that the constraints are ignored. This later case is used when running synth_design to not write synthesis constraints to the resulting checkpoint. Instead, project constraints are read when the synthesized design is opened.
INFO: [Common 17-1381] The checkpoint 'C:/Users/Bryce/Desktop/COMP541/FinalProject/FinalProject.runs/synth_1/top.dcp' has been generated.
INFO: [runtcl-4] Executing : report_utilization -file top_utilization_synth.rpt -pb top_utilization_synth.pb
INFO: [Common 17-206] Exiting Vivado at Thu Apr 23 20:40:35 2020...
