#-----------------------------------------------------------
# Vivado v2019.2 (64-bit)
# SW Build 2708876 on Wed Nov  6 21:40:23 MST 2019
# IP Build 2700528 on Thu Nov  7 00:09:20 MST 2019
# Start of session at: Wed Apr  1 13:01:39 2020
# Process ID: 8944
# Current directory: C:/Users/Bryce/Desktop/COMP541/Lab7
# Command line: vivado.exe -gui_launcher_event rodinguilauncherevent8628 C:\Users\Bryce\Desktop\COMP541\Lab7\Lab7.xpr
# Log file: C:/Users/Bryce/Desktop/COMP541/Lab7/vivado.log
# Journal file: C:/Users/Bryce/Desktop/COMP541/Lab7\vivado.jou
#-----------------------------------------------------------
start_gui
open_project C:/Users/Bryce/Desktop/COMP541/Lab7/Lab7.xpr
Scanning sources...
Finished scanning sources
INFO: [IP_Flow 19-234] Refreshing IP repositories
INFO: [IP_Flow 19-1704] No user IP repositories specified
INFO: [IP_Flow 19-2313] Loaded Vivado IP repository 'C:/Xilinx/Vivado/2019.2/data/ip'.
open_project: Time (s): cpu = 00:00:16 ; elapsed = 00:00:07 . Memory (MB): peak = 724.902 ; gain = 101.621
update_compile_order -fileset sources_1
